#
# A fatal error has been detected by the Java Runtime Environment:
#
#  EXCEPTION_ACCESS_VIOLATION (0xc0000005) at pc=0x6d166b30, pid=3000, tid=3056
#
# JRE version: 6.0_22-b04
# Java VM: Java HotSpot(TM) Client VM (17.1-b03 mixed mode, sharing windows-x86 )
# Problematic frame:
# C  [awt.dll+0xb6b30]
#
# If you would like to submit a bug report, please visit:
#   http://java.sun.com/webapps/bugreport/crash.jsp
# The crash happened outside the Java Virtual Machine in native code.
# See problematic frame for where to report the bug.
#

---------------  T H R E A D  ---------------

Current thread (0x03f02000):  JavaThread "AWT-Windows" daemon [_thread_in_native, id=3056, stack(0x04230000,0x04280000)]

siginfo: ExceptionCode=0xc0000005, reading address 0x00000000

Registers:
EAX=0x0427f724, EBX=0x03df37d0, ECX=0x00000012, EDX=0x00000180
ESP=0x0427f70c, EBP=0x0427f8b8, ESI=0x00000000, EDI=0x00000180
EIP=0x6d166b30, EFLAGS=0x00010212

Top of Stack: (sp=0x0427f70c)
0x0427f70c:   0427f724 00001000 000004b5 03deb810
0x0427f71c:   0000030e 000004c5 03deb810 6d15ed4b
0x0427f72c:   00000000 03debaa8 03deb810 03deb810
0x0427f73c:   0427f71c 0427f8b8 0000033c 000004c5
0x0427f74c:   03deb810 6d16271f 4498a000 444f0000
0x0427f75c:   000004c5 0000033c 03deba94 6d1631e1
0x0427f76c:   6d16367d 0000000c 00000061 000004b5
0x0427f77c:   0000030e 00009824 03f02118 00000001 

Instructions: (pc=0x6d166b30)
0x6d166b20:   05 00 20 00 00 50 c1 e2 05 8d 44 24 14 50 8b fa
0x6d166b30:   8b 16 57 c1 e1 05 51 56 ff 52 2c 85 c0 0f 8c 93 


Stack: [0x04230000,0x04280000],  sp=0x0427f70c,  free space=13d0427f228k
Native frames: (J=compiled Java code, j=interpreted, Vv=VM code, C=native code)
C  [awt.dll+0xb6b30]
C  [awt.dll+0x9c74c]
C  [USER32.dll+0x1c4e7]
C  [USER32.dll+0x1c5e7]
C  [USER32.dll+0x14f0e]
C  [USER32.dll+0x14f7d]
C  [ntdll.dll+0x46fee]
C  [USER32.dll+0x164a1]

Java frames: (J=compiled Java code, j=interpreted, Vv=VM code)
j  sun.awt.windows.WToolkit.eventLoop()V+0
j  sun.awt.windows.WToolkit.run()V+52
j  java.lang.Thread.run()V+11
v  ~StubRoutines::call_stub

---------------  P R O C E S S  ---------------

Java Threads: ( => current thread )
  0x06629000 JavaThread "D3D Screen Updater" daemon [_thread_blocked, id=3148, stack(0x06f70000,0x06fc0000)]
  0x06557400 JavaThread "TimerQueue" daemon [_thread_blocked, id=4068, stack(0x06920000,0x06970000)]
  0x00c79000 JavaThread "DestroyJavaVM" [_thread_blocked, id=2704, stack(0x00270000,0x002c0000)]
  0x03dfdc00 JavaThread "AWT-EventQueue-0" [_thread_blocked, id=3320, stack(0x04cf0000,0x04d40000)]
=>0x03f02000 JavaThread "AWT-Windows" daemon [_thread_in_native, id=3056, stack(0x04230000,0x04280000)]
  0x01a4ac00 JavaThread "AWT-Shutdown" [_thread_blocked, id=2740, stack(0x041e0000,0x04230000)]
  0x03ed5c00 JavaThread "Java2D Disposer" daemon [_thread_in_native, id=3104, stack(0x04190000,0x041e0000)]
  0x019ea800 JavaThread "Low Memory Detector" daemon [_thread_blocked, id=3628, stack(0x03d20000,0x03d70000)]
  0x019cfc00 JavaThread "CompilerThread0" daemon [_thread_blocked, id=1404, stack(0x03cd0000,0x03d20000)]
  0x019ccc00 JavaThread "Attach Listener" daemon [_thread_blocked, id=2696, stack(0x03c80000,0x03cd0000)]
  0x019c9c00 JavaThread "Signal Dispatcher" daemon [_thread_blocked, id=364, stack(0x03c30000,0x03c80000)]
  0x019c6000 JavaThread "Finalizer" daemon [_thread_blocked, id=3520, stack(0x03be0000,0x03c30000)]
  0x019c1800 JavaThread "Reference Handler" daemon [_thread_blocked, id=3308, stack(0x03b90000,0x03be0000)]

Other Threads:
  0x019c0000 VMThread [stack: 0x03b40000,0x03b90000] [id=2456]
  0x01a05c00 WatcherThread [stack: 0x03d70000,0x03dc0000] [id=3008]

VM state:not at safepoint (normal execution)

VM Mutex/Monitor currently owned by a thread: None

Heap
 def new generation   total 4928K, used 3828K [0x23700000, 0x23c50000, 0x28c50000)
  eden space 4416K,  86% used [0x23700000, 0x23ab6bd0, 0x23b50000)
  from space 512K,   4% used [0x23b50000, 0x23b56658, 0x23bd0000)
  to   space 512K,   0% used [0x23bd0000, 0x23bd0000, 0x23c50000)
 tenured generation   total 10944K, used 2640K [0x28c50000, 0x29700000, 0x33700000)
   the space 10944K,  24% used [0x28c50000, 0x28ee40c8, 0x28ee4200, 0x29700000)
 compacting perm gen  total 12288K, used 3015K [0x33700000, 0x34300000, 0x37700000)
   the space 12288K,  24% used [0x33700000, 0x339f1de8, 0x339f1e00, 0x34300000)
    ro space 10240K,  54% used [0x37700000, 0x37c7c510, 0x37c7c600, 0x38100000)
    rw space 12288K,  55% used [0x38100000, 0x3879fb78, 0x3879fc00, 0x38d00000)

Dynamic libraries:
0x00400000 - 0x00424000 	C:\Program Files\Java\jdk1.6.0_22\bin\java.exe
0x77720000 - 0x7785c000 	C:\Windows\SYSTEM32\ntdll.dll
0x76fc0000 - 0x77094000 	C:\Windows\system32\kernel32.dll
0x75940000 - 0x7598a000 	C:\Windows\system32\KERNELBASE.dll
0x761c0000 - 0x76260000 	C:\Windows\system32\ADVAPI32.dll
0x77130000 - 0x771dc000 	C:\Windows\system32\msvcrt.dll
0x76070000 - 0x76089000 	C:\Windows\SYSTEM32\sechost.dll
0x76eb0000 - 0x76f51000 	C:\Windows\system32\RPCRT4.dll
0x7c340000 - 0x7c396000 	C:\Program Files\Java\jdk1.6.0_22\jre\bin\msvcr71.dll
0x6d8a0000 - 0x6db47000 	C:\Program Files\Java\jdk1.6.0_22\jre\bin\client\jvm.dll
0x76090000 - 0x76159000 	C:\Windows\system32\USER32.dll
0x770e0000 - 0x7712e000 	C:\Windows\system32\GDI32.dll
0x75f00000 - 0x75f0a000 	C:\Windows\system32\LPK.dll
0x75c60000 - 0x75cfd000 	C:\Windows\system32\USP10.dll
0x73970000 - 0x739a2000 	C:\Windows\system32\WINMM.dll
0x77870000 - 0x7788f000 	C:\Windows\system32\IMM32.DLL
0x772f0000 - 0x773bc000 	C:\Windows\system32\MSCTF.dll
0x757c0000 - 0x7580c000 	C:\Windows\system32\apphelp.dll
0x6d850000 - 0x6d85c000 	C:\Program Files\Java\jdk1.6.0_22\jre\bin\verify.dll
0x6d3d0000 - 0x6d3ef000 	C:\Program Files\Java\jdk1.6.0_22\jre\bin\java.dll
0x6d330000 - 0x6d338000 	C:\Program Files\Java\jdk1.6.0_22\jre\bin\hpi.dll
0x75bc0000 - 0x75bc5000 	C:\Windows\system32\PSAPI.DLL
0x6d890000 - 0x6d89f000 	C:\Program Files\Java\jdk1.6.0_22\jre\bin\zip.dll
0x6d0b0000 - 0x6d1fa000 	C:\Program Files\Java\jdk1.6.0_22\jre\bin\awt.dll
0x6f160000 - 0x6f1b1000 	C:\Windows\system32\WINSPOOL.DRV
0x75f10000 - 0x7606c000 	C:\Windows\system32\ole32.dll
0x74790000 - 0x7492e000 	C:\Windows\WinSxS\x86_microsoft.windows.common-controls_6595b64144ccf1df_6.0.7601.17514_none_41e6975e2bd6f2b2\COMCTL32.dll
0x76160000 - 0x761b7000 	C:\Windows\system32\SHLWAPI.dll
0x742b0000 - 0x742c3000 	C:\Windows\system32\DWMAPI.DLL
0x745e0000 - 0x74620000 	C:\Windows\system32\uxtheme.dll
0x6d2e0000 - 0x6d32f000 	C:\Program Files\Java\jdk1.6.0_22\jre\bin\fontmanager.dll
0x75840000 - 0x7584c000 	C:\Windows\system32\CRYPTBASE.dll
0x76260000 - 0x76eaa000 	C:\Windows\system32\shell32.dll
0x676b0000 - 0x67873000 	C:\Windows\system32\d3d9.dll
0x74d80000 - 0x74d89000 	C:\Windows\system32\VERSION.dll
0x739c0000 - 0x739c6000 	C:\Windows\system32\d3d8thk.dll
0x5cc70000 - 0x5cf8a000 	C:\Windows\system32\atiumdag.dll
0x047d0000 - 0x04b9c000 	C:\Windows\system32\atiumdva.dll
0x6d6b0000 - 0x6d6c3000 	C:\Program Files\Java\jdk1.6.0_22\jre\bin\net.dll
0x770a0000 - 0x770d5000 	C:\Windows\system32\WS2_32.dll
0x77860000 - 0x77866000 	C:\Windows\system32\NSI.dll
0x75300000 - 0x7533c000 	C:\Windows\system32\mswsock.dll
0x752f0000 - 0x752f6000 	C:\Windows\System32\wship6.dll
0x6d6d0000 - 0x6d6d9000 	C:\Program Files\Java\jdk1.6.0_22\jre\bin\nio.dll
0x6d830000 - 0x6d838000 	C:\Program Files\Java\jdk1.6.0_22\jre\bin\sunmscapi.dll
0x75a20000 - 0x75b3d000 	C:\Windows\system32\CRYPT32.dll
0x75930000 - 0x7593c000 	C:\Windows\system32\MSASN1.dll
0x74e10000 - 0x74e15000 	C:\Windows\System32\wshtcpip.dll
0x6f390000 - 0x6f3b7000 	C:\Program Files\Common Files\Microsoft Shared\Windows Live\WLIDNSP.DLL
0x6f360000 - 0x6f385000 	C:\Program Files\Bonjour\mdnsNSP.dll
0x73500000 - 0x7351c000 	C:\Windows\system32\Iphlpapi.DLL
0x735b0000 - 0x735b7000 	C:\Windows\system32\WINNSI.DLL
0x751c0000 - 0x75204000 	C:\Windows\system32\DNSAPI.dll
0x6f340000 - 0x6f346000 	C:\Windows\system32\rasadhlp.dll
0x73dc0000 - 0x73df8000 	C:\Windows\System32\fwpuclnt.dll
0x77890000 - 0x7791f000 	C:\Windows\system32\OLEAUT32.DLL
0x75bd0000 - 0x75c53000 	C:\Windows\system32\CLBCatQ.DLL

VM Arguments:
java_command: TicketBooking.Booking
Launcher Type: SUN_STANDARD

Environment Variables:
CLASSPATH=.;C:\Program Files\Java\jre6\lib\ext\QTJava.zip
PATH=C:\Program Files\Common Files\Microsoft Shared\Windows Live;C:\Windows\system32;C:\Windows;C:\Windows\System32\Wbem;C:\Windows\System32\WindowsPowerShell\v1.0\;C:\Program Files\Windows Live\Shared;C:\Program Files\QuickTime\QTSystem\
USERNAME=Piravin
OS=Windows_NT
PROCESSOR_IDENTIFIER=x86 Family 15 Model 104 Stepping 2, AuthenticAMD



---------------  S Y S T E M  ---------------

OS: Windows 7 Build 7601 Service Pack 1

CPU:total 2 (2 cores per cpu, 1 threads per core) family 15 model 104 stepping 2, cmov, cx8, fxsr, mmx, sse, sse2, sse3, mmxext, 3dnow, 3dnowext

Memory: 4k page, physical 1964080k(949612k free), swap 3928160k(2356868k free)

vm_info: Java HotSpot(TM) Client VM (17.1-b03) for windows-x86 JRE (1.6.0_22-b04), built on Sep 15 2010 00:56:36 by "java_re" with MS VC++ 7.1 (VS2003)

time: Sun Mar 20 21:11:29 2011
elapsed time: 337 seconds

